{"C:\\xampp\\htdocs\\Node\\cleaning-backend\\redisClientConnection.js": {"path":"C:\\xampp\\htdocs\\Node\\cleaning-backend\\redisClientConnection.js","statementMap":{"0":{"start":{"line":1,"column":14},"end":{"line":1,"column":30}},"1":{"start":{"line":2,"column":15},"end":{"line":2,"column":43}},"2":{"start":{"line":3,"column":13},"end":{"line":3,"column":28}},"3":{"start":{"line":5,"column":15},"end":{"line":5,"column":35}},"4":{"start":{"line":7,"column":0},"end":{"line":7,"column":40}},"5":{"start":{"line":12,"column":0},"end":{"line":12,"column":91}},"6":{"start":{"line":12,"column":28},"end":{"line":12,"column":89}},"7":{"start":{"line":13,"column":0},"end":{"line":15,"column":5}},"8":{"start":{"line":14,"column":4},"end":{"line":14,"column":64}},"9":{"start":{"line":17,"column":0},"end":{"line":17,"column":24}}},"fnMap":{"0":{"name":"(anonymous_0)","decl":{"start":{"line":12,"column":19},"end":{"line":12,"column":20}},"loc":{"start":{"line":12,"column":28},"end":{"line":12,"column":89}},"line":12},"1":{"name":"(anonymous_1)","decl":{"start":{"line":13,"column":21},"end":{"line":13,"column":22}},"loc":{"start":{"line":13,"column":27},"end":{"line":15,"column":3}},"line":13}},"branchMap":{},"s":{"0":1,"1":1,"2":1,"3":1,"4":1,"5":1,"6":0,"7":1,"8":0,"9":1},"f":{"0":0,"1":0},"b":{},"_coverageSchema":"1a1c01bbd47fc00a2c39e90264f33305004495a9","hash":"4a5f2799eae3a982ce7aaf685c838d2ac1bbc769"}
,"C:\\xampp\\htdocs\\Node\\cleaning-backend\\server.js": {"path":"C:\\xampp\\htdocs\\Node\\cleaning-backend\\server.js","statementMap":{"0":{"start":{"line":1,"column":16},"end":{"line":1,"column":34}},"1":{"start":{"line":2,"column":19},"end":{"line":2,"column":41}},"2":{"start":{"line":3,"column":0},"end":{"line":3,"column":27}},"3":{"start":{"line":4,"column":12},"end":{"line":4,"column":21}},"4":{"start":{"line":5,"column":21},"end":{"line":5,"column":45}},"5":{"start":{"line":6,"column":13},"end":{"line":6,"column":37}},"6":{"start":{"line":7,"column":0},"end":{"line":7,"column":27}},"7":{"start":{"line":9,"column":13},"end":{"line":9,"column":28}},"8":{"start":{"line":10,"column":18},"end":{"line":10,"column":38}},"9":{"start":{"line":11,"column":15},"end":{"line":11,"column":41}},"10":{"start":{"line":27,"column":0},"end":{"line":27,"column":16}},"11":{"start":{"line":30,"column":0},"end":{"line":30,"column":50}},"12":{"start":{"line":33,"column":0},"end":{"line":33,"column":23}},"13":{"start":{"line":35,"column":0},"end":{"line":35,"column":24}},"14":{"start":{"line":37,"column":0},"end":{"line":44,"column":1}},"15":{"start":{"line":38,"column":2},"end":{"line":40,"column":3}},"16":{"start":{"line":39,"column":4},"end":{"line":39,"column":40}},"17":{"start":{"line":43,"column":2},"end":{"line":43,"column":51}},"18":{"start":{"line":47,"column":15},"end":{"line":47,"column":41}},"19":{"start":{"line":49,"column":17},"end":{"line":49,"column":48}},"20":{"start":{"line":50,"column":13},"end":{"line":50,"column":40}},"21":{"start":{"line":76,"column":0},"end":{"line":76,"column":21}},"22":{"start":{"line":113,"column":0},"end":{"line":113,"column":21}}},"fnMap":{"0":{"name":"(anonymous_0)","decl":{"start":{"line":38,"column":19},"end":{"line":38,"column":20}},"loc":{"start":{"line":38,"column":31},"end":{"line":40,"column":1}},"line":38}},"branchMap":{"0":{"loc":{"start":{"line":6,"column":13},"end":{"line":6,"column":37}},"type":"binary-expr","locations":[{"start":{"line":6,"column":13},"end":{"line":6,"column":29}},{"start":{"line":6,"column":33},"end":{"line":6,"column":37}}],"line":6},"1":{"loc":{"start":{"line":37,"column":0},"end":{"line":44,"column":1}},"type":"if","locations":[{"start":{"line":37,"column":0},"end":{"line":44,"column":1}},{"start":{"line":42,"column":5},"end":{"line":44,"column":1}}],"line":37}},"s":{"0":1,"1":1,"2":1,"3":1,"4":1,"5":1,"6":1,"7":1,"8":1,"9":1,"10":1,"11":1,"12":1,"13":1,"14":1,"15":0,"16":0,"17":1,"18":1,"19":1,"20":1,"21":1,"22":1},"f":{"0":0},"b":{"0":[1,0],"1":[0,1]},"_coverageSchema":"1a1c01bbd47fc00a2c39e90264f33305004495a9","hash":"8c37231e867bf2daee61d969e9a43b734a7ca332"}
,"C:\\xampp\\htdocs\\Node\\cleaning-backend\\config\\redis.js": {"path":"C:\\xampp\\htdocs\\Node\\cleaning-backend\\config\\redis.js","statementMap":{"0":{"start":{"line":1,"column":13},"end":{"line":1,"column":28}},"1":{"start":{"line":2,"column":0},"end":{"line":2,"column":27}},"2":{"start":{"line":3,"column":14},"end":{"line":10,"column":1}},"3":{"start":{"line":11,"column":0},"end":{"line":11,"column":24}}},"fnMap":{},"branchMap":{},"s":{"0":1,"1":1,"2":1,"3":1},"f":{},"b":{},"_coverageSchema":"1a1c01bbd47fc00a2c39e90264f33305004495a9","hash":"a183fe3076c84ddc9eddc430749d17e522b8a4f7"}
,"C:\\xampp\\htdocs\\Node\\cleaning-backend\\controllers\\AuthController.js": {"path":"C:\\xampp\\htdocs\\Node\\cleaning-backend\\controllers\\AuthController.js","statementMap":{"0":{"start":{"line":1,"column":13},"end":{"line":1,"column":38}},"1":{"start":{"line":2,"column":29},"end":{"line":2,"column":57}},"2":{"start":{"line":3,"column":15},"end":{"line":3,"column":34}},"3":{"start":{"line":4,"column":12},"end":{"line":4,"column":35}},"4":{"start":{"line":5,"column":25},"end":{"line":5,"column":64}},"5":{"start":{"line":6,"column":18},"end":{"line":6,"column":90}},"6":{"start":{"line":8,"column":20},"end":{"line":8,"column":22}},"7":{"start":{"line":10,"column":0},"end":{"line":56,"column":2}},"8":{"start":{"line":11,"column":4},"end":{"line":55,"column":5}},"9":{"start":{"line":12,"column":23},"end":{"line":12,"column":44}},"10":{"start":{"line":13,"column":8},"end":{"line":15,"column":9}},"11":{"start":{"line":14,"column":12},"end":{"line":14,"column":68}},"12":{"start":{"line":16,"column":30},"end":{"line":19,"column":9}},"13":{"start":{"line":20,"column":21},"end":{"line":20,"column":77}},"14":{"start":{"line":21,"column":8},"end":{"line":26,"column":9}},"15":{"start":{"line":22,"column":12},"end":{"line":25,"column":14}},"16":{"start":{"line":27,"column":32},"end":{"line":27,"column":91}},"17":{"start":{"line":28,"column":8},"end":{"line":30,"column":9}},"18":{"start":{"line":29,"column":12},"end":{"line":29,"column":77}},"19":{"start":{"line":44,"column":28},"end":{"line":44,"column":72}},"20":{"start":{"line":45,"column":29},"end":{"line":45,"column":74}},"21":{"start":{"line":46,"column":8},"end":{"line":46,"column":81}},"22":{"start":{"line":54,"column":8},"end":{"line":54,"column":27}},"23":{"start":{"line":59,"column":4},"end":{"line":59,"column":94}},"24":{"start":{"line":59,"column":49},"end":{"line":59,"column":94}},"25":{"start":{"line":60,"column":4},"end":{"line":60,"column":68}},"26":{"start":{"line":60,"column":48},"end":{"line":60,"column":67}},"27":{"start":{"line":63,"column":24},"end":{"line":63,"column":68}},"28":{"start":{"line":64,"column":25},"end":{"line":64,"column":70}},"29":{"start":{"line":67,"column":4},"end":{"line":67,"column":70}},"30":{"start":{"line":72,"column":4},"end":{"line":72,"column":80}},"31":{"start":{"line":79,"column":8},"end":{"line":79,"column":78}},"32":{"start":{"line":80,"column":4},"end":{"line":80,"column":36}},"33":{"start":{"line":81,"column":4},"end":{"line":81,"column":23}},"34":{"start":{"line":84,"column":0},"end":{"line":93,"column":2}},"35":{"start":{"line":85,"column":4},"end":{"line":92,"column":5}},"36":{"start":{"line":86,"column":8},"end":{"line":88,"column":11}},"37":{"start":{"line":91,"column":8},"end":{"line":91,"column":27}}},"fnMap":{"0":{"name":"(anonymous_0)","decl":{"start":{"line":10,"column":16},"end":{"line":10,"column":17}},"loc":{"start":{"line":10,"column":36},"end":{"line":56,"column":1}},"line":10},"1":{"name":"refreshToken","decl":{"start":{"line":58,"column":9},"end":{"line":58,"column":21}},"loc":{"start":{"line":58,"column":31},"end":{"line":68,"column":1}},"line":58},"2":{"name":"(anonymous_2)","decl":{"start":{"line":60,"column":41},"end":{"line":60,"column":42}},"loc":{"start":{"line":60,"column":48},"end":{"line":60,"column":67}},"line":60},"3":{"name":"generateAccessToken","decl":{"start":{"line":71,"column":9},"end":{"line":71,"column":28}},"loc":{"start":{"line":71,"column":35},"end":{"line":73,"column":1}},"line":71},"4":{"name":"generateRefreshToken","decl":{"start":{"line":77,"column":9},"end":{"line":77,"column":29}},"loc":{"start":{"line":77,"column":36},"end":{"line":82,"column":1}},"line":77},"5":{"name":"(anonymous_5)","decl":{"start":{"line":84,"column":22},"end":{"line":84,"column":23}},"loc":{"start":{"line":84,"column":42},"end":{"line":93,"column":1}},"line":84}},"branchMap":{"0":{"loc":{"start":{"line":13,"column":8},"end":{"line":15,"column":9}},"type":"if","locations":[{"start":{"line":13,"column":8},"end":{"line":15,"column":9}},{"start":{},"end":{}}],"line":13},"1":{"loc":{"start":{"line":21,"column":8},"end":{"line":26,"column":9}},"type":"if","locations":[{"start":{"line":21,"column":8},"end":{"line":26,"column":9}},{"start":{},"end":{}}],"line":21},"2":{"loc":{"start":{"line":28,"column":8},"end":{"line":30,"column":9}},"type":"if","locations":[{"start":{"line":28,"column":8},"end":{"line":30,"column":9}},{"start":{},"end":{}}],"line":28},"3":{"loc":{"start":{"line":59,"column":4},"end":{"line":59,"column":94}},"type":"if","locations":[{"start":{"line":59,"column":4},"end":{"line":59,"column":94}},{"start":{},"end":{}}],"line":59}},"s":{"0":1,"1":1,"2":1,"3":1,"4":1,"5":1,"6":1,"7":1,"8":0,"9":0,"10":0,"11":0,"12":0,"13":0,"14":0,"15":0,"16":0,"17":0,"18":0,"19":0,"20":0,"21":0,"22":0,"23":0,"24":0,"25":0,"26":0,"27":0,"28":0,"29":0,"30":0,"31":0,"32":0,"33":0,"34":1,"35":0,"36":0,"37":0},"f":{"0":0,"1":0,"2":0,"3":0,"4":0,"5":0},"b":{"0":[0,0],"1":[0,0],"2":[0,0],"3":[0,0]},"_coverageSchema":"1a1c01bbd47fc00a2c39e90264f33305004495a9","hash":"bfdc4a3ecc9e54228aa186148b65a6e818da2019"}
,"C:\\xampp\\htdocs\\Node\\cleaning-backend\\controllers\\BookController.js": {"path":"C:\\xampp\\htdocs\\Node\\cleaning-backend\\controllers\\BookController.js","statementMap":{"0":{"start":{"line":1,"column":13},"end":{"line":1,"column":38}},"1":{"start":{"line":2,"column":13},"end":{"line":2,"column":38}},"2":{"start":{"line":3,"column":17},"end":{"line":3,"column":46}},"3":{"start":{"line":4,"column":20},"end":{"line":4,"column":47}},"4":{"start":{"line":6,"column":0},"end":{"line":12,"column":1}},"5":{"start":{"line":7,"column":17},"end":{"line":7,"column":25}},"6":{"start":{"line":8,"column":21},"end":{"line":8,"column":45}},"7":{"start":{"line":9,"column":17},"end":{"line":9,"column":115}},"8":{"start":{"line":10,"column":17},"end":{"line":10,"column":109}},"9":{"start":{"line":11,"column":4},"end":{"line":11,"column":19}},"10":{"start":{"line":14,"column":0},"end":{"line":21,"column":1}},"11":{"start":{"line":15,"column":17},"end":{"line":19,"column":14}},"12":{"start":{"line":20,"column":4},"end":{"line":20,"column":19}}},"fnMap":{"0":{"name":"(anonymous_0)","decl":{"start":{"line":6,"column":20},"end":{"line":6,"column":21}},"loc":{"start":{"line":6,"column":40},"end":{"line":12,"column":1}},"line":6},"1":{"name":"(anonymous_1)","decl":{"start":{"line":14,"column":19},"end":{"line":14,"column":20}},"loc":{"start":{"line":14,"column":39},"end":{"line":21,"column":1}},"line":14}},"branchMap":{},"s":{"0":1,"1":1,"2":1,"3":1,"4":1,"5":0,"6":0,"7":0,"8":0,"9":0,"10":1,"11":0,"12":0},"f":{"0":0,"1":0},"b":{},"_coverageSchema":"1a1c01bbd47fc00a2c39e90264f33305004495a9","hash":"d52552e647ec43dc301f3e4076a31a3875ae3101"}
,"C:\\xampp\\htdocs\\Node\\cleaning-backend\\controllers\\CategoryController.js": {"path":"C:\\xampp\\htdocs\\Node\\cleaning-backend\\controllers\\CategoryController.js","statementMap":{"0":{"start":{"line":1,"column":17},"end":{"line":1,"column":46}},"1":{"start":{"line":2,"column":20},"end":{"line":2,"column":47}},"2":{"start":{"line":3,"column":29},"end":{"line":3,"column":57}},"3":{"start":{"line":5,"column":0},"end":{"line":17,"column":1}},"4":{"start":{"line":7,"column":19},"end":{"line":7,"column":40}},"5":{"start":{"line":8,"column":4},"end":{"line":10,"column":5}},"6":{"start":{"line":9,"column":8},"end":{"line":9,"column":64}},"7":{"start":{"line":12,"column":21},"end":{"line":12,"column":71}},"8":{"start":{"line":13,"column":4},"end":{"line":13,"column":23}}},"fnMap":{"0":{"name":"(anonymous_0)","decl":{"start":{"line":5,"column":24},"end":{"line":5,"column":25}},"loc":{"start":{"line":5,"column":44},"end":{"line":17,"column":1}},"line":5}},"branchMap":{"0":{"loc":{"start":{"line":8,"column":4},"end":{"line":10,"column":5}},"type":"if","locations":[{"start":{"line":8,"column":4},"end":{"line":10,"column":5}},{"start":{},"end":{}}],"line":8}},"s":{"0":1,"1":1,"2":1,"3":1,"4":0,"5":0,"6":0,"7":0,"8":0},"f":{"0":0},"b":{"0":[0,0]},"_coverageSchema":"1a1c01bbd47fc00a2c39e90264f33305004495a9","hash":"718f283df16caf3d0f859a85ea4e4006a54004ba"}
,"C:\\xampp\\htdocs\\Node\\cleaning-backend\\controllers\\RedisTestController.js": {"path":"C:\\xampp\\htdocs\\Node\\cleaning-backend\\controllers\\RedisTestController.js","statementMap":{"0":{"start":{"line":1,"column":24},"end":{"line":1,"column":62}},"1":{"start":{"line":4,"column":0},"end":{"line":13,"column":1}},"2":{"start":{"line":5,"column":4},"end":{"line":5,"column":36}},"3":{"start":{"line":6,"column":4},"end":{"line":6,"column":52}},"4":{"start":{"line":11,"column":4},"end":{"line":11,"column":39}},"5":{"start":{"line":12,"column":4},"end":{"line":12,"column":32}},"6":{"start":{"line":16,"column":0},"end":{"line":25,"column":1}},"7":{"start":{"line":17,"column":4},"end":{"line":17,"column":36}},"8":{"start":{"line":18,"column":16},"end":{"line":18,"column":50}},"9":{"start":{"line":19,"column":4},"end":{"line":19,"column":23}},"10":{"start":{"line":20,"column":4},"end":{"line":22,"column":5}},"11":{"start":{"line":21,"column":8},"end":{"line":21,"column":58}},"12":{"start":{"line":23,"column":4},"end":{"line":23,"column":39}},"13":{"start":{"line":24,"column":4},"end":{"line":24,"column":20}}},"fnMap":{"0":{"name":"(anonymous_0)","decl":{"start":{"line":4,"column":15},"end":{"line":4,"column":16}},"loc":{"start":{"line":4,"column":35},"end":{"line":13,"column":1}},"line":4},"1":{"name":"(anonymous_1)","decl":{"start":{"line":16,"column":18},"end":{"line":16,"column":19}},"loc":{"start":{"line":16,"column":38},"end":{"line":25,"column":1}},"line":16}},"branchMap":{"0":{"loc":{"start":{"line":20,"column":4},"end":{"line":22,"column":5}},"type":"if","locations":[{"start":{"line":20,"column":4},"end":{"line":22,"column":5}},{"start":{},"end":{}}],"line":20}},"s":{"0":1,"1":1,"2":0,"3":0,"4":0,"5":0,"6":1,"7":0,"8":0,"9":0,"10":0,"11":0,"12":0,"13":0},"f":{"0":0,"1":0},"b":{"0":[0,0]},"_coverageSchema":"1a1c01bbd47fc00a2c39e90264f33305004495a9","hash":"b9d6e46152a62831f2a5f1221cc54f5eaab80dd3"}
,"C:\\xampp\\htdocs\\Node\\cleaning-backend\\controllers\\TestController.js": {"path":"C:\\xampp\\htdocs\\Node\\cleaning-backend\\controllers\\TestController.js","statementMap":{"0":{"start":{"line":1,"column":13},"end":{"line":1,"column":38}},"1":{"start":{"line":2,"column":29},"end":{"line":2,"column":57}},"2":{"start":{"line":3,"column":23},"end":{"line":3,"column":42}},"3":{"start":{"line":4,"column":13},"end":{"line":4,"column":38}},"4":{"start":{"line":6,"column":0},"end":{"line":9,"column":2}},"5":{"start":{"line":7,"column":4},"end":{"line":7,"column":24}},"6":{"start":{"line":11,"column":0},"end":{"line":13,"column":2}},"7":{"start":{"line":12,"column":4},"end":{"line":12,"column":23}},"8":{"start":{"line":15,"column":0},"end":{"line":27,"column":2}},"9":{"start":{"line":22,"column":18},"end":{"line":22,"column":51}},"10":{"start":{"line":23,"column":4},"end":{"line":26,"column":7}},"11":{"start":{"line":24,"column":8},"end":{"line":24,"column":41}},"12":{"start":{"line":24,"column":17},"end":{"line":24,"column":41}},"13":{"start":{"line":25,"column":8},"end":{"line":25,"column":28}},"14":{"start":{"line":29,"column":0},"end":{"line":36,"column":2}},"15":{"start":{"line":30,"column":19},"end":{"line":30,"column":40}},"16":{"start":{"line":31,"column":4},"end":{"line":33,"column":5}},"17":{"start":{"line":32,"column":8},"end":{"line":32,"column":64}},"18":{"start":{"line":34,"column":4},"end":{"line":34,"column":40}},"19":{"start":{"line":35,"column":4},"end":{"line":35,"column":23}},"20":{"start":{"line":38,"column":0},"end":{"line":64,"column":1}},"21":{"start":{"line":39,"column":20},"end":{"line":39,"column":51}},"22":{"start":{"line":40,"column":4},"end":{"line":62,"column":5}},"23":{"start":{"line":41,"column":8},"end":{"line":41,"column":34}},"24":{"start":{"line":42,"column":21},"end":{"line":46,"column":23}},"25":{"start":{"line":48,"column":8},"end":{"line":53,"column":24}},"26":{"start":{"line":55,"column":8},"end":{"line":55,"column":42}},"27":{"start":{"line":56,"column":8},"end":{"line":56,"column":23}},"28":{"start":{"line":59,"column":8},"end":{"line":59,"column":29}},"29":{"start":{"line":60,"column":8},"end":{"line":60,"column":41}},"30":{"start":{"line":61,"column":8},"end":{"line":61,"column":24}},"31":{"start":{"line":63,"column":4},"end":{"line":63,"column":25}}},"fnMap":{"0":{"name":"(anonymous_0)","decl":{"start":{"line":6,"column":15},"end":{"line":6,"column":16}},"loc":{"start":{"line":6,"column":35},"end":{"line":9,"column":1}},"line":6},"1":{"name":"(anonymous_1)","decl":{"start":{"line":11,"column":20},"end":{"line":11,"column":21}},"loc":{"start":{"line":11,"column":40},"end":{"line":13,"column":1}},"line":11},"2":{"name":"(anonymous_2)","decl":{"start":{"line":15,"column":24},"end":{"line":15,"column":25}},"loc":{"start":{"line":15,"column":44},"end":{"line":27,"column":1}},"line":15},"3":{"name":"(anonymous_3)","decl":{"start":{"line":23,"column":15},"end":{"line":23,"column":16}},"loc":{"start":{"line":23,"column":41},"end":{"line":26,"column":5}},"line":23},"4":{"name":"(anonymous_4)","decl":{"start":{"line":29,"column":25},"end":{"line":29,"column":26}},"loc":{"start":{"line":29,"column":45},"end":{"line":36,"column":1}},"line":29},"5":{"name":"(anonymous_5)","decl":{"start":{"line":38,"column":27},"end":{"line":38,"column":28}},"loc":{"start":{"line":38,"column":47},"end":{"line":64,"column":1}},"line":38}},"branchMap":{"0":{"loc":{"start":{"line":24,"column":8},"end":{"line":24,"column":41}},"type":"if","locations":[{"start":{"line":24,"column":8},"end":{"line":24,"column":41}},{"start":{},"end":{}}],"line":24},"1":{"loc":{"start":{"line":31,"column":4},"end":{"line":33,"column":5}},"type":"if","locations":[{"start":{"line":31,"column":4},"end":{"line":33,"column":5}},{"start":{},"end":{}}],"line":31}},"s":{"0":1,"1":1,"2":1,"3":1,"4":1,"5":0,"6":1,"7":0,"8":1,"9":0,"10":0,"11":0,"12":0,"13":0,"14":1,"15":0,"16":0,"17":0,"18":0,"19":0,"20":1,"21":0,"22":0,"23":0,"24":0,"25":0,"26":0,"27":0,"28":0,"29":0,"30":0,"31":0},"f":{"0":0,"1":0,"2":0,"3":0,"4":0,"5":0},"b":{"0":[0,0],"1":[0,0]},"_coverageSchema":"1a1c01bbd47fc00a2c39e90264f33305004495a9","hash":"2b49019ea675507ae06f3dbfba8628b54e35aa0d"}
,"C:\\xampp\\htdocs\\Node\\cleaning-backend\\controllers\\UserController.js": {"path":"C:\\xampp\\htdocs\\Node\\cleaning-backend\\controllers\\UserController.js","statementMap":{"0":{"start":{"line":1,"column":13},"end":{"line":1,"column":38}},"1":{"start":{"line":2,"column":29},"end":{"line":2,"column":57}},"2":{"start":{"line":3,"column":15},"end":{"line":3,"column":34}},"3":{"start":{"line":5,"column":0},"end":{"line":27,"column":2}},"4":{"start":{"line":6,"column":4},"end":{"line":26,"column":5}},"5":{"start":{"line":7,"column":23},"end":{"line":7,"column":44}},"6":{"start":{"line":8,"column":8},"end":{"line":10,"column":9}},"7":{"start":{"line":9,"column":12},"end":{"line":9,"column":68}},"8":{"start":{"line":11,"column":23},"end":{"line":11,"column":63}},"9":{"start":{"line":12,"column":32},"end":{"line":12,"column":79}},"10":{"start":{"line":13,"column":8},"end":{"line":13,"column":37}},"11":{"start":{"line":15,"column":30},"end":{"line":21,"column":9}},"12":{"start":{"line":22,"column":21},"end":{"line":22,"column":57}},"13":{"start":{"line":23,"column":8},"end":{"line":23,"column":23}},"14":{"start":{"line":25,"column":8},"end":{"line":25,"column":27}}},"fnMap":{"0":{"name":"(anonymous_0)","decl":{"start":{"line":5,"column":16},"end":{"line":5,"column":17}},"loc":{"start":{"line":5,"column":36},"end":{"line":27,"column":1}},"line":5}},"branchMap":{"0":{"loc":{"start":{"line":8,"column":8},"end":{"line":10,"column":9}},"type":"if","locations":[{"start":{"line":8,"column":8},"end":{"line":10,"column":9}},{"start":{},"end":{}}],"line":8}},"s":{"0":1,"1":1,"2":1,"3":1,"4":0,"5":0,"6":0,"7":0,"8":0,"9":0,"10":0,"11":0,"12":0,"13":0,"14":0},"f":{"0":0},"b":{"0":[0,0]},"_coverageSchema":"1a1c01bbd47fc00a2c39e90264f33305004495a9","hash":"6dd122aedd5ec9e531864a22ce95b2bed8d24926"}
,"C:\\xampp\\htdocs\\Node\\cleaning-backend\\cron\\crone.js": {"path":"C:\\xampp\\htdocs\\Node\\cleaning-backend\\cron\\crone.js","statementMap":{"0":{"start":{"line":1,"column":14},"end":{"line":1,"column":37}},"1":{"start":{"line":4,"column":19},"end":{"line":4,"column":33}},"2":{"start":{"line":12,"column":10},"end":{"line":20,"column":1}},"3":{"start":{"line":15,"column":2},"end":{"line":15,"column":60}}},"fnMap":{"0":{"name":"(anonymous_0)","decl":{"start":{"line":14,"column":1},"end":{"line":14,"column":2}},"loc":{"start":{"line":14,"column":12},"end":{"line":16,"column":2}},"line":14}},"branchMap":{},"s":{"0":1,"1":1,"2":1,"3":0},"f":{"0":0},"b":{},"_coverageSchema":"1a1c01bbd47fc00a2c39e90264f33305004495a9","hash":"2d596999e9784c810b6771ce684666f38eac4e00"}
,"C:\\xampp\\htdocs\\Node\\cleaning-backend\\database\\connection.js": {"path":"C:\\xampp\\htdocs\\Node\\cleaning-backend\\database\\connection.js","statementMap":{"0":{"start":{"line":1,"column":17},"end":{"line":1,"column":36}},"1":{"start":{"line":2,"column":25},"end":{"line":2,"column":112}},"2":{"start":{"line":3,"column":0},"end":{"line":3,"column":35}},"3":{"start":{"line":4,"column":0},"end":{"line":6,"column":41}},"4":{"start":{"line":6,"column":16},"end":{"line":6,"column":39}},"5":{"start":{"line":7,"column":19},"end":{"line":7,"column":38}},"6":{"start":{"line":16,"column":0},"end":{"line":16,"column":28}},"7":{"start":{"line":17,"column":0},"end":{"line":17,"column":26}}},"fnMap":{"0":{"name":"(anonymous_0)","decl":{"start":{"line":6,"column":9},"end":{"line":6,"column":10}},"loc":{"start":{"line":6,"column":16},"end":{"line":6,"column":39}},"line":6}},"branchMap":{},"s":{"0":1,"1":1,"2":1,"3":1,"4":0,"5":1,"6":1,"7":1},"f":{"0":0},"b":{},"_coverageSchema":"1a1c01bbd47fc00a2c39e90264f33305004495a9","hash":"9e46db05afec475c05d6a67f56fc651ed9a5f0de"}
,"C:\\xampp\\htdocs\\Node\\cleaning-backend\\middleware\\auth.js": {"path":"C:\\xampp\\htdocs\\Node\\cleaning-backend\\middleware\\auth.js","statementMap":{"0":{"start":{"line":1,"column":12},"end":{"line":1,"column":35}},"1":{"start":{"line":3,"column":4},"end":{"line":3,"column":76}},"2":{"start":{"line":5,"column":0},"end":{"line":20,"column":1}},"3":{"start":{"line":6,"column":18},"end":{"line":6,"column":33}},"4":{"start":{"line":7,"column":4},"end":{"line":19,"column":5}},"5":{"start":{"line":8,"column":8},"end":{"line":14,"column":10}},"6":{"start":{"line":9,"column":12},"end":{"line":13,"column":13}},"7":{"start":{"line":10,"column":16},"end":{"line":10,"column":74}},"8":{"start":{"line":12,"column":16},"end":{"line":12,"column":22}},"9":{"start":{"line":16,"column":8},"end":{"line":18,"column":69}},"10":{"start":{"line":22,"column":0},"end":{"line":24,"column":1}},"11":{"start":{"line":23,"column":4},"end":{"line":23,"column":10}}},"fnMap":{"0":{"name":"(anonymous_0)","decl":{"start":{"line":5,"column":20},"end":{"line":5,"column":21}},"loc":{"start":{"line":5,"column":40},"end":{"line":20,"column":1}},"line":5},"1":{"name":"(anonymous_1)","decl":{"start":{"line":8,"column":37},"end":{"line":8,"column":38}},"loc":{"start":{"line":8,"column":60},"end":{"line":14,"column":9}},"line":8},"2":{"name":"(anonymous_2)","decl":{"start":{"line":22,"column":15},"end":{"line":22,"column":16}},"loc":{"start":{"line":22,"column":35},"end":{"line":24,"column":1}},"line":22}},"branchMap":{"0":{"loc":{"start":{"line":7,"column":4},"end":{"line":19,"column":5}},"type":"if","locations":[{"start":{"line":7,"column":4},"end":{"line":19,"column":5}},{"start":{"line":15,"column":11},"end":{"line":19,"column":5}}],"line":7},"1":{"loc":{"start":{"line":9,"column":12},"end":{"line":13,"column":13}},"type":"if","locations":[{"start":{"line":9,"column":12},"end":{"line":13,"column":13}},{"start":{"line":11,"column":19},"end":{"line":13,"column":13}}],"line":9}},"s":{"0":1,"1":1,"2":1,"3":0,"4":0,"5":0,"6":0,"7":0,"8":0,"9":0,"10":1,"11":0},"f":{"0":0,"1":0,"2":0},"b":{"0":[0,0],"1":[0,0]},"_coverageSchema":"1a1c01bbd47fc00a2c39e90264f33305004495a9","hash":"a4bc673017ab0cad7ba8281750a3831a8d156a1e"}
,"C:\\xampp\\htdocs\\Node\\cleaning-backend\\models\\Book.js": {"path":"C:\\xampp\\htdocs\\Node\\cleaning-backend\\models\\Book.js","statementMap":{"0":{"start":{"line":1,"column":19},"end":{"line":1,"column":55}},"1":{"start":{"line":3,"column":20},"end":{"line":7,"column":2}},"2":{"start":{"line":9,"column":0},"end":{"line":9,"column":53}}},"fnMap":{},"branchMap":{},"s":{"0":1,"1":1,"2":1},"f":{},"b":{},"_coverageSchema":"1a1c01bbd47fc00a2c39e90264f33305004495a9","hash":"aae5019e80ac3ec90904cfb2ec0da3320380f785"}
,"C:\\xampp\\htdocs\\Node\\cleaning-backend\\models\\Category.js": {"path":"C:\\xampp\\htdocs\\Node\\cleaning-backend\\models\\Category.js","statementMap":{"0":{"start":{"line":1,"column":19},"end":{"line":1,"column":55}},"1":{"start":{"line":3,"column":20},"end":{"line":5,"column":2}},"2":{"start":{"line":7,"column":0},"end":{"line":7,"column":57}}},"fnMap":{},"branchMap":{},"s":{"0":1,"1":1,"2":1},"f":{},"b":{},"_coverageSchema":"1a1c01bbd47fc00a2c39e90264f33305004495a9","hash":"8c28d787f4836c572a542991e0707d54f771aafb"}
,"C:\\xampp\\htdocs\\Node\\cleaning-backend\\models\\User.js": {"path":"C:\\xampp\\htdocs\\Node\\cleaning-backend\\models\\User.js","statementMap":{"0":{"start":{"line":1,"column":19},"end":{"line":1,"column":55}},"1":{"start":{"line":3,"column":20},"end":{"line":9,"column":2}},"2":{"start":{"line":11,"column":0},"end":{"line":11,"column":53}}},"fnMap":{},"branchMap":{},"s":{"0":1,"1":1,"2":1},"f":{},"b":{},"_coverageSchema":"1a1c01bbd47fc00a2c39e90264f33305004495a9","hash":"8967cb4bf84910c631ce760e8b158d66f6642579"}
,"C:\\xampp\\htdocs\\Node\\cleaning-backend\\requests\\authGuardRequest.js": {"path":"C:\\xampp\\htdocs\\Node\\cleaning-backend\\requests\\authGuardRequest.js","statementMap":{"0":{"start":{"line":1,"column":29},"end":{"line":1,"column":58}},"1":{"start":{"line":2,"column":18},"end":{"line":2,"column":46}},"2":{"start":{"line":4,"column":27},"end":{"line":12,"column":1}},"3":{"start":{"line":14,"column":0},"end":{"line":17,"column":2}}},"fnMap":{},"branchMap":{},"s":{"0":1,"1":1,"2":1,"3":1},"f":{},"b":{},"_coverageSchema":"1a1c01bbd47fc00a2c39e90264f33305004495a9","hash":"da28efe3978f39d0e31cf16219d547f0019e4125"}
,"C:\\xampp\\htdocs\\Node\\cleaning-backend\\requests\\baseValidator.js": {"path":"C:\\xampp\\htdocs\\Node\\cleaning-backend\\requests\\baseValidator.js","statementMap":{"0":{"start":{"line":1,"column":30},"end":{"line":1,"column":58}},"1":{"start":{"line":3,"column":0},"end":{"line":8,"column":1}},"2":{"start":{"line":4,"column":19},"end":{"line":4,"column":40}},"3":{"start":{"line":5,"column":4},"end":{"line":6,"column":64}},"4":{"start":{"line":6,"column":8},"end":{"line":6,"column":64}},"5":{"start":{"line":7,"column":4},"end":{"line":7,"column":11}}},"fnMap":{"0":{"name":"(anonymous_0)","decl":{"start":{"line":3,"column":27},"end":{"line":3,"column":28}},"loc":{"start":{"line":3,"column":47},"end":{"line":8,"column":1}},"line":3}},"branchMap":{"0":{"loc":{"start":{"line":5,"column":4},"end":{"line":6,"column":64}},"type":"if","locations":[{"start":{"line":5,"column":4},"end":{"line":6,"column":64}},{"start":{},"end":{}}],"line":5}},"s":{"0":1,"1":1,"2":0,"3":0,"4":0,"5":0},"f":{"0":0},"b":{"0":[0,0]},"_coverageSchema":"1a1c01bbd47fc00a2c39e90264f33305004495a9","hash":"9b33a0dd6d3cbc2f744d1ea41a144037d5ea11d6"}
,"C:\\xampp\\htdocs\\Node\\cleaning-backend\\requests\\kernel.js": {"path":"C:\\xampp\\htdocs\\Node\\cleaning-backend\\requests\\kernel.js","statementMap":{"0":{"start":{"line":1,"column":20},"end":{"line":1,"column":49}},"1":{"start":{"line":2,"column":21},"end":{"line":2,"column":46}},"2":{"start":{"line":3,"column":20},"end":{"line":3,"column":44}},"3":{"start":{"line":6,"column":0},"end":{"line":6,"column":51}},"4":{"start":{"line":7,"column":0},"end":{"line":7,"column":53}},"5":{"start":{"line":8,"column":0},"end":{"line":8,"column":51}}},"fnMap":{},"branchMap":{},"s":{"0":1,"1":1,"2":1,"3":1,"4":1,"5":1},"f":{},"b":{},"_coverageSchema":"1a1c01bbd47fc00a2c39e90264f33305004495a9","hash":"6a763896afa34b7f66572030c655fe99e881b386"}
,"C:\\xampp\\htdocs\\Node\\cleaning-backend\\requests\\loginRequest.js": {"path":"C:\\xampp\\htdocs\\Node\\cleaning-backend\\requests\\loginRequest.js","statementMap":{"0":{"start":{"line":1,"column":29},"end":{"line":1,"column":58}},"1":{"start":{"line":2,"column":18},"end":{"line":2,"column":46}},"2":{"start":{"line":4,"column":27},"end":{"line":7,"column":1}},"3":{"start":{"line":9,"column":0},"end":{"line":12,"column":2}}},"fnMap":{},"branchMap":{},"s":{"0":1,"1":1,"2":1,"3":1},"f":{},"b":{},"_coverageSchema":"1a1c01bbd47fc00a2c39e90264f33305004495a9","hash":"5954634764152fc0c5ba73b39b7fac0b9636a233"}
,"C:\\xampp\\htdocs\\Node\\cleaning-backend\\requests\\testRequest.js": {"path":"C:\\xampp\\htdocs\\Node\\cleaning-backend\\requests\\testRequest.js","statementMap":{"0":{"start":{"line":1,"column":29},"end":{"line":1,"column":58}},"1":{"start":{"line":2,"column":18},"end":{"line":2,"column":46}},"2":{"start":{"line":4,"column":27},"end":{"line":13,"column":1}},"3":{"start":{"line":15,"column":0},"end":{"line":18,"column":2}}},"fnMap":{},"branchMap":{},"s":{"0":1,"1":1,"2":1,"3":1},"f":{},"b":{},"_coverageSchema":"1a1c01bbd47fc00a2c39e90264f33305004495a9","hash":"2873ec88019e1fbac4978c4684eeaa8d54172d4f"}
,"C:\\xampp\\htdocs\\Node\\cleaning-backend\\routes\\api.js": {"path":"C:\\xampp\\htdocs\\Node\\cleaning-backend\\routes\\api.js","statementMap":{"0":{"start":{"line":1,"column":16},"end":{"line":1,"column":34}},"1":{"start":{"line":2,"column":15},"end":{"line":2,"column":31}},"2":{"start":{"line":3,"column":23},"end":{"line":3,"column":66}},"3":{"start":{"line":4,"column":23},"end":{"line":4,"column":66}},"4":{"start":{"line":5,"column":27},"end":{"line":5,"column":74}},"5":{"start":{"line":6,"column":23},"end":{"line":6,"column":66}},"6":{"start":{"line":7,"column":23},"end":{"line":7,"column":66}},"7":{"start":{"line":8,"column":28},"end":{"line":8,"column":76}},"8":{"start":{"line":9,"column":28},"end":{"line":9,"column":60}},"9":{"start":{"line":10,"column":18},"end":{"line":10,"column":47}},"10":{"start":{"line":13,"column":0},"end":{"line":15,"column":5}},"11":{"start":{"line":14,"column":4},"end":{"line":14,"column":22}},"12":{"start":{"line":18,"column":0},"end":{"line":18,"column":37}},"13":{"start":{"line":19,"column":0},"end":{"line":19,"column":51}},"14":{"start":{"line":20,"column":0},"end":{"line":20,"column":59}},"15":{"start":{"line":21,"column":0},"end":{"line":21,"column":87}},"16":{"start":{"line":22,"column":0},"end":{"line":22,"column":64}},"17":{"start":{"line":24,"column":0},"end":{"line":24,"column":52}},"18":{"start":{"line":25,"column":0},"end":{"line":25,"column":49}},"19":{"start":{"line":27,"column":0},"end":{"line":27,"column":51}},"20":{"start":{"line":28,"column":0},"end":{"line":28,"column":58}},"21":{"start":{"line":30,"column":0},"end":{"line":30,"column":62}},"22":{"start":{"line":31,"column":0},"end":{"line":31,"column":46}},"23":{"start":{"line":33,"column":0},"end":{"line":33,"column":69}},"24":{"start":{"line":34,"column":0},"end":{"line":34,"column":97}},"25":{"start":{"line":36,"column":0},"end":{"line":36,"column":24}}},"fnMap":{"0":{"name":"(anonymous_0)","decl":{"start":{"line":13,"column":20},"end":{"line":13,"column":21}},"loc":{"start":{"line":13,"column":34},"end":{"line":15,"column":3}},"line":13}},"branchMap":{},"s":{"0":1,"1":1,"2":1,"3":1,"4":1,"5":1,"6":1,"7":1,"8":1,"9":1,"10":1,"11":0,"12":1,"13":1,"14":1,"15":1,"16":1,"17":1,"18":1,"19":1,"20":1,"21":1,"22":1,"23":1,"24":1,"25":1},"f":{"0":0},"b":{},"_coverageSchema":"1a1c01bbd47fc00a2c39e90264f33305004495a9","hash":"524d099c497b8dc0da62b5d5464aba9f61531b07"}
}
